Command line invocation:
    /Applications/Xcode.app/Contents/Developer/usr/bin/xcodebuild -project EmailClient.xcodeproj -scheme EmailClient -destination "platform=iOS Simulator,name=iPhone 16" build

Resolve Package Graph


Resolved source packages:
  GoogleUtilities: https://github.com/google/GoogleUtilities.git @ 8.1.0
  AppAuth: https://github.com/openid/AppAuth-iOS.git @ 2.0.0
  GTMSessionFetcher: https://github.com/google/gtm-session-fetcher.git @ 3.5.0
  GoogleSignIn: https://github.com/google/GoogleSignIn-iOS @ 9.0.0
  Promises: https://github.com/google/promises.git @ 2.4.0
  AppCheck: https://github.com/google/app-check.git @ 11.2.0
  GTMAppAuth: https://github.com/google/GTMAppAuth.git @ 5.0.0

--- xcodebuild: WARNING: Using the first of multiple matching destinations:
{ platform:iOS Simulator, arch:arm64, id:7F9D582A-08AF-4855-BA55-BBB7A974C798, OS:18.6, name:iPhone 16 }
{ platform:iOS Simulator, arch:x86_64, id:7F9D582A-08AF-4855-BA55-BBB7A974C798, OS:18.6, name:iPhone 16 }
ComputePackagePrebuildTargetDependencyGraph

Prepare packages

CreateBuildRequest

SendProjectDescription

CreateBuildOperation

ComputeTargetDependencyGraph
note: Building targets in dependency order
note: Target dependency graph (33 targets)
    Target 'EmailClient' in project 'EmailClient'
        ➜ Explicit dependency on target 'GoogleSignIn' in project 'GoogleSignIn'
        ➜ Explicit dependency on target 'GoogleSignInSwift' in project 'GoogleSignIn'
    Target 'GoogleSignInSwift' in project 'GoogleSignIn'
        ➜ Explicit dependency on target 'GoogleSignInSwift' in project 'GoogleSignIn'
        ➜ Explicit dependency on target 'GoogleSignIn_GoogleSignInSwift' in project 'GoogleSignIn'
        ➜ Explicit dependency on target 'GoogleSignIn' in project 'GoogleSignIn'
        ➜ Explicit dependency on target 'AppAuth' in project 'AppAuth'
        ➜ Explicit dependency on target 'AppAuthCore' in project 'AppAuth'
        ➜ Explicit dependency on target 'AppCheckCore' in project 'AppCheck'
        ➜ Explicit dependency on target 'GTMAppAuth' in project 'GTMAppAuth'
        ➜ Explicit dependency on target 'GTMSessionFetcherCore' in project 'GTMSessionFetcher'
    Target 'GoogleSignInSwift' in project 'GoogleSignIn'
        ➜ Explicit dependency on target 'GoogleSignIn_GoogleSignInSwift' in project 'GoogleSignIn'
        ➜ Explicit dependency on target 'GoogleSignIn' in project 'GoogleSignIn'
        ➜ Explicit dependency on target 'AppAuth' in project 'AppAuth'
        ➜ Explicit dependency on target 'AppAuthCore' in project 'AppAuth'
        ➜ Explicit dependency on target 'AppCheckCore' in project 'AppCheck'
        ➜ Explicit dependency on target 'GTMAppAuth' in project 'GTMAppAuth'
        ➜ Explicit dependency on target 'GTMSessionFetcherCore' in project 'GTMSessionFetcher'
    Target 'GoogleSignIn_GoogleSignInSwift' in project 'GoogleSignIn' (no dependencies)
    Target 'GoogleSignIn' in project 'GoogleSignIn'
        ➜ Explicit dependency on target 'GoogleSignIn' in project 'GoogleSignIn'
        ➜ Explicit dependency on target 'GoogleSignIn_GoogleSignIn' in project 'GoogleSignIn'
        ➜ Explicit dependency on target 'AppAuth' in project 'AppAuth'
        ➜ Explicit dependency on target 'AppAuthCore' in project 'AppAuth'
        ➜ Explicit dependency on target 'AppCheckCore' in project 'AppCheck'
        ➜ Explicit dependency on target 'GTMAppAuth' in project 'GTMAppAuth'
        ➜ Explicit dependency on target 'GTMSessionFetcherCore' in project 'GTMSessionFetcher'
    Target 'GoogleSignIn' in project 'GoogleSignIn'
        ➜ Explicit dependency on target 'GoogleSignIn_GoogleSignIn' in project 'GoogleSignIn'
        ➜ Explicit dependency on target 'AppAuth' in project 'AppAuth'
        ➜ Explicit dependency on target 'AppAuthCore' in project 'AppAuth'
        ➜ Explicit dependency on target 'AppCheckCore' in project 'AppCheck'
        ➜ Explicit dependency on target 'GTMAppAuth' in project 'GTMAppAuth'
        ➜ Explicit dependency on target 'GTMSessionFetcherCore' in project 'GTMSessionFetcher'
    Target 'GTMAppAuth' in project 'GTMAppAuth'
        ➜ Explicit dependency on target 'GTMAppAuth' in project 'GTMAppAuth'
        ➜ Explicit dependency on target 'GTMAppAuth_GTMAppAuth' in project 'GTMAppAuth'
        ➜ Explicit dependency on target 'GTMSessionFetcherCore' in project 'GTMSessionFetcher'
        ➜ Explicit dependency on target 'AppAuthCore' in project 'AppAuth'
    Target 'GTMAppAuth' in project 'GTMAppAuth'
        ➜ Explicit dependency on target 'GTMAppAuth_GTMAppAuth' in project 'GTMAppAuth'
        ➜ Explicit dependency on target 'GTMSessionFetcherCore' in project 'GTMSessionFetcher'
        ➜ Explicit dependency on target 'AppAuthCore' in project 'AppAuth'
    Target 'GTMSessionFetcherCore' in project 'GTMSessionFetcher'
        ➜ Explicit dependency on target 'GTMSessionFetcherCore' in project 'GTMSessionFetcher'
        ➜ Explicit dependency on target 'GTMSessionFetcher_GTMSessionFetcherCore' in project 'GTMSessionFetcher'
    Target 'GTMSessionFetcherCore' in project 'GTMSessionFetcher'
        ➜ Explicit dependency on target 'GTMSessionFetcher_GTMSessionFetcherCore' in project 'GTMSessionFetcher'
    Target 'GTMSessionFetcher_GTMSessionFetcherCore' in project 'GTMSessionFetcher' (no dependencies)
    Target 'GTMAppAuth_GTMAppAuth' in project 'GTMAppAuth' (no dependencies)
    Target 'AppCheckCore' in project 'AppCheck'
        ➜ Explicit dependency on target 'AppCheckCore' in project 'AppCheck'
        ➜ Explicit dependency on target 'FBLPromises' in project 'Promises'
        ➜ Explicit dependency on target 'GULEnvironment' in project 'GoogleUtilities'
        ➜ Explicit dependency on target 'GULUserDefaults' in project 'GoogleUtilities'
    Target 'AppCheckCore' in project 'AppCheck'
        ➜ Explicit dependency on target 'FBLPromises' in project 'Promises'
        ➜ Explicit dependency on target 'GULEnvironment' in project 'GoogleUtilities'
        ➜ Explicit dependency on target 'GULUserDefaults' in project 'GoogleUtilities'
    Target 'GULUserDefaults' in project 'GoogleUtilities'
        ➜ Explicit dependency on target 'GoogleUtilities-UserDefaults' in project 'GoogleUtilities'
        ➜ Explicit dependency on target 'GoogleUtilities_GoogleUtilities-UserDefaults' in project 'GoogleUtilities'
        ➜ Explicit dependency on target 'third-party-IsAppEncrypted' in project 'GoogleUtilities'
        ➜ Explicit dependency on target 'GoogleUtilities-Environment' in project 'GoogleUtilities'
        ➜ Explicit dependency on target 'GoogleUtilities-Logger' in project 'GoogleUtilities'
    Target 'GoogleUtilities-UserDefaults' in project 'GoogleUtilities'
        ➜ Explicit dependency on target 'GoogleUtilities_GoogleUtilities-UserDefaults' in project 'GoogleUtilities'
        ➜ Explicit dependency on target 'third-party-IsAppEncrypted' in project 'GoogleUtilities'
        ➜ Explicit dependency on target 'GoogleUtilities-Environment' in project 'GoogleUtilities'
        ➜ Explicit dependency on target 'GoogleUtilities-Logger' in project 'GoogleUtilities'
    Target 'GoogleUtilities-Logger' in project 'GoogleUtilities'
        ➜ Explicit dependency on target 'GoogleUtilities_GoogleUtilities-Logger' in project 'GoogleUtilities'
        ➜ Explicit dependency on target 'third-party-IsAppEncrypted' in project 'GoogleUtilities'
        ➜ Explicit dependency on target 'GoogleUtilities-Environment' in project 'GoogleUtilities'
    Target 'GoogleUtilities_GoogleUtilities-Logger' in project 'GoogleUtilities' (no dependencies)
    Target 'GoogleUtilities_GoogleUtilities-UserDefaults' in project 'GoogleUtilities' (no dependencies)
    Target 'GULEnvironment' in project 'GoogleUtilities'
        ➜ Explicit dependency on target 'GoogleUtilities-Environment' in project 'GoogleUtilities'
        ➜ Explicit dependency on target 'GoogleUtilities_GoogleUtilities-Environment' in project 'GoogleUtilities'
        ➜ Explicit dependency on target 'third-party-IsAppEncrypted' in project 'GoogleUtilities'
    Target 'GoogleUtilities-Environment' in project 'GoogleUtilities'
        ➜ Explicit dependency on target 'GoogleUtilities_GoogleUtilities-Environment' in project 'GoogleUtilities'
        ➜ Explicit dependency on target 'third-party-IsAppEncrypted' in project 'GoogleUtilities'
    Target 'third-party-IsAppEncrypted' in project 'GoogleUtilities' (no dependencies)
    Target 'GoogleUtilities_GoogleUtilities-Environment' in project 'GoogleUtilities' (no dependencies)
    Target 'FBLPromises' in project 'Promises'
        ➜ Explicit dependency on target 'FBLPromises' in project 'Promises'
        ➜ Explicit dependency on target 'Promises_FBLPromises' in project 'Promises'
    Target 'FBLPromises' in project 'Promises'
        ➜ Explicit dependency on target 'Promises_FBLPromises' in project 'Promises'
    Target 'Promises_FBLPromises' in project 'Promises' (no dependencies)
    Target 'AppAuthCore' in project 'AppAuth'
        ➜ Explicit dependency on target 'AppAuthCore' in project 'AppAuth'
        ➜ Explicit dependency on target 'AppAuth_AppAuthCore' in project 'AppAuth'
    Target 'AppAuth' in project 'AppAuth'
        ➜ Explicit dependency on target 'AppAuth' in project 'AppAuth'
        ➜ Explicit dependency on target 'AppAuth_AppAuth' in project 'AppAuth'
        ➜ Explicit dependency on target 'AppAuthCore' in project 'AppAuth'
    Target 'AppAuth' in project 'AppAuth'
        ➜ Explicit dependency on target 'AppAuth_AppAuth' in project 'AppAuth'
        ➜ Explicit dependency on target 'AppAuthCore' in project 'AppAuth'
    Target 'AppAuthCore' in project 'AppAuth'
        ➜ Explicit dependency on target 'AppAuth_AppAuthCore' in project 'AppAuth'
    Target 'AppAuth_AppAuthCore' in project 'AppAuth' (no dependencies)
    Target 'AppAuth_AppAuth' in project 'AppAuth' (no dependencies)
    Target 'GoogleSignIn_GoogleSignIn' in project 'GoogleSignIn' (no dependencies)

GatherProvisioningInputs

CreateBuildDescription

ClangStatCache /Applications/Xcode.app/Contents/Developer/Toolchains/XcodeDefault.xctoolchain/usr/bin/clang-stat-cache /Applications/Xcode.app/Contents/Developer/Platforms/iPhoneSimulator.platform/Developer/SDKs/iPhoneSimulator18.5.sdk /Users/scammy/Library/Developer/Xcode/DerivedData/SDKStatCaches.noindex/iphonesimulator18.5-22F76-d5fc8ad4295d2ef488fb7d0f804ce0c4.sdkstatcache
    cd /Users/scammy/Documents/Projects/Z-Mail/EmailClient.xcodeproj
    /Applications/Xcode.app/Contents/Developer/Toolchains/XcodeDefault.xctoolchain/usr/bin/clang-stat-cache /Applications/Xcode.app/Contents/Developer/Platforms/iPhoneSimulator.platform/Developer/SDKs/iPhoneSimulator18.5.sdk -o /Users/scammy/Library/Developer/Xcode/DerivedData/SDKStatCaches.noindex/iphonesimulator18.5-22F76-d5fc8ad4295d2ef488fb7d0f804ce0c4.sdkstatcache

ProcessInfoPlistFile /Users/scammy/Library/Developer/Xcode/DerivedData/EmailClient-duxgfwdgjizotabpagrmkpirjgow/Build/Products/Debug-iphonesimulator/Promises_FBLPromises.bundle/Info.plist /Users/scammy/Library/Developer/Xcode/DerivedData/EmailClient-duxgfwdgjizotabpagrmkpirjgow/Build/Intermediates.noindex/Promises.build/Debug-iphonesimulator/Promises_FBLPromises.build/empty-Promises_FBLPromises.plist (in target 'Promises_FBLPromises' from project 'Promises')
    cd /Users/scammy/Library/Developer/Xcode/DerivedData/EmailClient-duxgfwdgjizotabpagrmkpirjgow/SourcePackages/checkouts/promises
    builtin-infoPlistUtility /Users/scammy/Library/Developer/Xcode/DerivedData/EmailClient-duxgfwdgjizotabpagrmkpirjgow/Build/Intermediates.noindex/Promises.build/Debug-iphonesimulator/Promises_FBLPromises.build/empty-Promises_FBLPromises.plist -producttype com.apple.product-type.bundle -expandbuildsettings -format binary -platform iphonesimulator -o /Users/scammy/Library/Developer/Xcode/DerivedData/EmailClient-duxgfwdgjizotabpagrmkpirjgow/Build/Products/Debug-iphonesimulator/Promises_FBLPromises.bundle/Info.plist

ProcessInfoPlistFile /Users/scammy/Library/Developer/Xcode/DerivedData/EmailClient-duxgfwdgjizotabpagrmkpirjgow/Build/Products/Debug-iphonesimulator/GoogleSignIn_GoogleSignInSwift.bundle/Info.plist /Users/scammy/Library/Developer/Xcode/DerivedData/EmailClient-duxgfwdgjizotabpagrmkpirjgow/Build/Intermediates.noindex/GoogleSignIn.build/Debug-iphonesimulator/GoogleSignIn_GoogleSignInSwift.build/empty-GoogleSignIn_GoogleSignInSwift.plist (in target 'GoogleSignIn_GoogleSignInSwift' from project 'GoogleSignIn')
    cd /Users/scammy/Library/Developer/Xcode/DerivedData/EmailClient-duxgfwdgjizotabpagrmkpirjgow/SourcePackages/checkouts/GoogleSignIn-iOS
    builtin-infoPlistUtility /Users/scammy/Library/Developer/Xcode/DerivedData/EmailClient-duxgfwdgjizotabpagrmkpirjgow/Build/Intermediates.noindex/GoogleSignIn.build/Debug-iphonesimulator/GoogleSignIn_GoogleSignInSwift.build/empty-GoogleSignIn_GoogleSignInSwift.plist -producttype com.apple.product-type.bundle -expandbuildsettings -format binary -platform iphonesimulator -o /Users/scammy/Library/Developer/Xcode/DerivedData/EmailClient-duxgfwdgjizotabpagrmkpirjgow/Build/Products/Debug-iphonesimulator/GoogleSignIn_GoogleSignInSwift.bundle/Info.plist

ProcessInfoPlistFile /Users/scammy/Library/Developer/Xcode/DerivedData/EmailClient-duxgfwdgjizotabpagrmkpirjgow/Build/Products/Debug-iphonesimulator/GoogleSignIn_GoogleSignIn.bundle/Info.plist /Users/scammy/Library/Developer/Xcode/DerivedData/EmailClient-duxgfwdgjizotabpagrmkpirjgow/Build/Intermediates.noindex/GoogleSignIn.build/Debug-iphonesimulator/GoogleSignIn_GoogleSignIn.build/empty-GoogleSignIn_GoogleSignIn.plist (in target 'GoogleSignIn_GoogleSignIn' from project 'GoogleSignIn')
    cd /Users/scammy/Library/Developer/Xcode/DerivedData/EmailClient-duxgfwdgjizotabpagrmkpirjgow/SourcePackages/checkouts/GoogleSignIn-iOS
    builtin-infoPlistUtility /Users/scammy/Library/Developer/Xcode/DerivedData/EmailClient-duxgfwdgjizotabpagrmkpirjgow/Build/Intermediates.noindex/GoogleSignIn.build/Debug-iphonesimulator/GoogleSignIn_GoogleSignIn.build/empty-GoogleSignIn_GoogleSignIn.plist -producttype com.apple.product-type.bundle -expandbuildsettings -format binary -platform iphonesimulator -o /Users/scammy/Library/Developer/Xcode/DerivedData/EmailClient-duxgfwdgjizotabpagrmkpirjgow/Build/Products/Debug-iphonesimulator/GoogleSignIn_GoogleSignIn.bundle/Info.plist

ProcessInfoPlistFile /Users/scammy/Library/Developer/Xcode/DerivedData/EmailClient-duxgfwdgjizotabpagrmkpirjgow/Build/Products/Debug-iphonesimulator/GTMSessionFetcher_GTMSessionFetcherCore.bundle/Info.plist /Users/scammy/Library/Developer/Xcode/DerivedData/EmailClient-duxgfwdgjizotabpagrmkpirjgow/Build/Intermediates.noindex/GTMSessionFetcher.build/Debug-iphonesimulator/GTMSessionFetcher_GTMSessionFetcherCore.build/empty-GTMSessionFetcher_GTMSessionFetcherCore.plist (in target 'GTMSessionFetcher_GTMSessionFetcherCore' from project 'GTMSessionFetcher')
    cd /Users/scammy/Library/Developer/Xcode/DerivedData/EmailClient-duxgfwdgjizotabpagrmkpirjgow/SourcePackages/checkouts/gtm-session-fetcher
    builtin-infoPlistUtility /Users/scammy/Library/Developer/Xcode/DerivedData/EmailClient-duxgfwdgjizotabpagrmkpirjgow/Build/Intermediates.noindex/GTMSessionFetcher.build/Debug-iphonesimulator/GTMSessionFetcher_GTMSessionFetcherCore.build/empty-GTMSessionFetcher_GTMSessionFetcherCore.plist -producttype com.apple.product-type.bundle -expandbuildsettings -format binary -platform iphonesimulator -o /Users/scammy/Library/Developer/Xcode/DerivedData/EmailClient-duxgfwdgjizotabpagrmkpirjgow/Build/Products/Debug-iphonesimulator/GTMSessionFetcher_GTMSessionFetcherCore.bundle/Info.plist

ProcessInfoPlistFile /Users/scammy/Library/Developer/Xcode/DerivedData/EmailClient-duxgfwdgjizotabpagrmkpirjgow/Build/Products/Debug-iphonesimulator/GoogleUtilities_GoogleUtilities-UserDefaults.bundle/Info.plist /Users/scammy/Library/Developer/Xcode/DerivedData/EmailClient-duxgfwdgjizotabpagrmkpirjgow/Build/Intermediates.noindex/GoogleUtilities.build/Debug-iphonesimulator/GoogleUtilities_GoogleUtilities-UserDefaults.build/empty-GoogleUtilities_GoogleUtilities-UserDefaults.plist (in target 'GoogleUtilities_GoogleUtilities-UserDefaults' from project 'GoogleUtilities')
    cd /Users/scammy/Library/Developer/Xcode/DerivedData/EmailClient-duxgfwdgjizotabpagrmkpirjgow/SourcePackages/checkouts/GoogleUtilities
    builtin-infoPlistUtility /Users/scammy/Library/Developer/Xcode/DerivedData/EmailClient-duxgfwdgjizotabpagrmkpirjgow/Build/Intermediates.noindex/GoogleUtilities.build/Debug-iphonesimulator/GoogleUtilities_GoogleUtilities-UserDefaults.build/empty-GoogleUtilities_GoogleUtilities-UserDefaults.plist -producttype com.apple.product-type.bundle -expandbuildsettings -format binary -platform iphonesimulator -o /Users/scammy/Library/Developer/Xcode/DerivedData/EmailClient-duxgfwdgjizotabpagrmkpirjgow/Build/Products/Debug-iphonesimulator/GoogleUtilities_GoogleUtilities-UserDefaults.bundle/Info.plist

ProcessInfoPlistFile /Users/scammy/Library/Developer/Xcode/DerivedData/EmailClient-duxgfwdgjizotabpagrmkpirjgow/Build/Products/Debug-iphonesimulator/GoogleUtilities_GoogleUtilities-Environment.bundle/Info.plist /Users/scammy/Library/Developer/Xcode/DerivedData/EmailClient-duxgfwdgjizotabpagrmkpirjgow/Build/Intermediates.noindex/GoogleUtilities.build/Debug-iphonesimulator/GoogleUtilities_GoogleUtilities-Environment.build/empty-GoogleUtilities_GoogleUtilities-Environment.plist (in target 'GoogleUtilities_GoogleUtilities-Environment' from project 'GoogleUtilities')
    cd /Users/scammy/Library/Developer/Xcode/DerivedData/EmailClient-duxgfwdgjizotabpagrmkpirjgow/SourcePackages/checkouts/GoogleUtilities
    builtin-infoPlistUtility /Users/scammy/Library/Developer/Xcode/DerivedData/EmailClient-duxgfwdgjizotabpagrmkpirjgow/Build/Intermediates.noindex/GoogleUtilities.build/Debug-iphonesimulator/GoogleUtilities_GoogleUtilities-Environment.build/empty-GoogleUtilities_GoogleUtilities-Environment.plist -producttype com.apple.product-type.bundle -expandbuildsettings -format binary -platform iphonesimulator -o /Users/scammy/Library/Developer/Xcode/DerivedData/EmailClient-duxgfwdgjizotabpagrmkpirjgow/Build/Products/Debug-iphonesimulator/GoogleUtilities_GoogleUtilities-Environment.bundle/Info.plist

ProcessInfoPlistFile /Users/scammy/Library/Developer/Xcode/DerivedData/EmailClient-duxgfwdgjizotabpagrmkpirjgow/Build/Products/Debug-iphonesimulator/GTMAppAuth_GTMAppAuth.bundle/Info.plist /Users/scammy/Library/Developer/Xcode/DerivedData/EmailClient-duxgfwdgjizotabpagrmkpirjgow/Build/Intermediates.noindex/GTMAppAuth.build/Debug-iphonesimulator/GTMAppAuth_GTMAppAuth.build/empty-GTMAppAuth_GTMAppAuth.plist (in target 'GTMAppAuth_GTMAppAuth' from project 'GTMAppAuth')
    cd /Users/scammy/Library/Developer/Xcode/DerivedData/EmailClient-duxgfwdgjizotabpagrmkpirjgow/SourcePackages/checkouts/GTMAppAuth
    builtin-infoPlistUtility /Users/scammy/Library/Developer/Xcode/DerivedData/EmailClient-duxgfwdgjizotabpagrmkpirjgow/Build/Intermediates.noindex/GTMAppAuth.build/Debug-iphonesimulator/GTMAppAuth_GTMAppAuth.build/empty-GTMAppAuth_GTMAppAuth.plist -producttype com.apple.product-type.bundle -expandbuildsettings -format binary -platform iphonesimulator -o /Users/scammy/Library/Developer/Xcode/DerivedData/EmailClient-duxgfwdgjizotabpagrmkpirjgow/Build/Products/Debug-iphonesimulator/GTMAppAuth_GTMAppAuth.bundle/Info.plist

ProcessInfoPlistFile /Users/scammy/Library/Developer/Xcode/DerivedData/EmailClient-duxgfwdgjizotabpagrmkpirjgow/Build/Products/Debug-iphonesimulator/GoogleUtilities_GoogleUtilities-Logger.bundle/Info.plist /Users/scammy/Library/Developer/Xcode/DerivedData/EmailClient-duxgfwdgjizotabpagrmkpirjgow/Build/Intermediates.noindex/GoogleUtilities.build/Debug-iphonesimulator/GoogleUtilities_GoogleUtilities-Logger.build/empty-GoogleUtilities_GoogleUtilities-Logger.plist (in target 'GoogleUtilities_GoogleUtilities-Logger' from project 'GoogleUtilities')
    cd /Users/scammy/Library/Developer/Xcode/DerivedData/EmailClient-duxgfwdgjizotabpagrmkpirjgow/SourcePackages/checkouts/GoogleUtilities
    builtin-infoPlistUtility /Users/scammy/Library/Developer/Xcode/DerivedData/EmailClient-duxgfwdgjizotabpagrmkpirjgow/Build/Intermediates.noindex/GoogleUtilities.build/Debug-iphonesimulator/GoogleUtilities_GoogleUtilities-Logger.build/empty-GoogleUtilities_GoogleUtilities-Logger.plist -producttype com.apple.product-type.bundle -expandbuildsettings -format binary -platform iphonesimulator -o /Users/scammy/Library/Developer/Xcode/DerivedData/EmailClient-duxgfwdgjizotabpagrmkpirjgow/Build/Products/Debug-iphonesimulator/GoogleUtilities_GoogleUtilities-Logger.bundle/Info.plist

ProcessInfoPlistFile /Users/scammy/Library/Developer/Xcode/DerivedData/EmailClient-duxgfwdgjizotabpagrmkpirjgow/Build/Products/Debug-iphonesimulator/AppAuth_AppAuthCore.bundle/Info.plist /Users/scammy/Library/Developer/Xcode/DerivedData/EmailClient-duxgfwdgjizotabpagrmkpirjgow/Build/Intermediates.noindex/AppAuth.build/Debug-iphonesimulator/AppAuth_AppAuthCore.build/empty-AppAuth_AppAuthCore.plist (in target 'AppAuth_AppAuthCore' from project 'AppAuth')
    cd /Users/scammy/Library/Developer/Xcode/DerivedData/EmailClient-duxgfwdgjizotabpagrmkpirjgow/SourcePackages/checkouts/AppAuth-iOS
    builtin-infoPlistUtility /Users/scammy/Library/Developer/Xcode/DerivedData/EmailClient-duxgfwdgjizotabpagrmkpirjgow/Build/Intermediates.noindex/AppAuth.build/Debug-iphonesimulator/AppAuth_AppAuthCore.build/empty-AppAuth_AppAuthCore.plist -producttype com.apple.product-type.bundle -expandbuildsettings -format binary -platform iphonesimulator -o /Users/scammy/Library/Developer/Xcode/DerivedData/EmailClient-duxgfwdgjizotabpagrmkpirjgow/Build/Products/Debug-iphonesimulator/AppAuth_AppAuthCore.bundle/Info.plist

ProcessInfoPlistFile /Users/scammy/Library/Developer/Xcode/DerivedData/EmailClient-duxgfwdgjizotabpagrmkpirjgow/Build/Products/Debug-iphonesimulator/AppAuth_AppAuth.bundle/Info.plist /Users/scammy/Library/Developer/Xcode/DerivedData/EmailClient-duxgfwdgjizotabpagrmkpirjgow/Build/Intermediates.noindex/AppAuth.build/Debug-iphonesimulator/AppAuth_AppAuth.build/empty-AppAuth_AppAuth.plist (in target 'AppAuth_AppAuth' from project 'AppAuth')
    cd /Users/scammy/Library/Developer/Xcode/DerivedData/EmailClient-duxgfwdgjizotabpagrmkpirjgow/SourcePackages/checkouts/AppAuth-iOS
    builtin-infoPlistUtility /Users/scammy/Library/Developer/Xcode/DerivedData/EmailClient-duxgfwdgjizotabpagrmkpirjgow/Build/Intermediates.noindex/AppAuth.build/Debug-iphonesimulator/AppAuth_AppAuth.build/empty-AppAuth_AppAuth.plist -producttype com.apple.product-type.bundle -expandbuildsettings -format binary -platform iphonesimulator -o /Users/scammy/Library/Developer/Xcode/DerivedData/EmailClient-duxgfwdgjizotabpagrmkpirjgow/Build/Products/Debug-iphonesimulator/AppAuth_AppAuth.bundle/Info.plist

ProcessProductPackaging "" /Users/scammy/Library/Developer/Xcode/DerivedData/EmailClient-duxgfwdgjizotabpagrmkpirjgow/Build/Intermediates.noindex/EmailClient.build/Debug-iphonesimulator/EmailClient.build/EmailClient.app-Simulated.xcent (in target 'EmailClient' from project 'EmailClient')
    cd /Users/scammy/Documents/Projects/Z-Mail
    
    Entitlements:
    
    {
    "application-identifier" = "FAKETEAMID.com.emailclient.EmailClient";
}
    
    builtin-productPackagingUtility -entitlements -format xml -o /Users/scammy/Library/Developer/Xcode/DerivedData/EmailClient-duxgfwdgjizotabpagrmkpirjgow/Build/Intermediates.noindex/EmailClient.build/Debug-iphonesimulator/EmailClient.build/EmailClient.app-Simulated.xcent

ProcessProductPackagingDER /Users/scammy/Library/Developer/Xcode/DerivedData/EmailClient-duxgfwdgjizotabpagrmkpirjgow/Build/Intermediates.noindex/EmailClient.build/Debug-iphonesimulator/EmailClient.build/EmailClient.app-Simulated.xcent /Users/scammy/Library/Developer/Xcode/DerivedData/EmailClient-duxgfwdgjizotabpagrmkpirjgow/Build/Intermediates.noindex/EmailClient.build/Debug-iphonesimulator/EmailClient.build/EmailClient.app-Simulated.xcent.der (in target 'EmailClient' from project 'EmailClient')
    cd /Users/scammy/Documents/Projects/Z-Mail
    /usr/bin/derq query -f xml -i /Users/scammy/Library/Developer/Xcode/DerivedData/EmailClient-duxgfwdgjizotabpagrmkpirjgow/Build/Intermediates.noindex/EmailClient.build/Debug-iphonesimulator/EmailClient.build/EmailClient.app-Simulated.xcent -o /Users/scammy/Library/Developer/Xcode/DerivedData/EmailClient-duxgfwdgjizotabpagrmkpirjgow/Build/Intermediates.noindex/EmailClient.build/Debug-iphonesimulator/EmailClient.build/EmailClient.app-Simulated.xcent.der --raw

Copy /Users/scammy/Library/Developer/Xcode/DerivedData/EmailClient-duxgfwdgjizotabpagrmkpirjgow/Build/Products/Debug-iphonesimulator/EmailClient.app/GTMAppAuth_GTMAppAuth.bundle /Users/scammy/Library/Developer/Xcode/DerivedData/EmailClient-duxgfwdgjizotabpagrmkpirjgow/Build/Products/Debug-iphonesimulator/GTMAppAuth_GTMAppAuth.bundle (in target 'EmailClient' from project 'EmailClient')
    cd /Users/scammy/Documents/Projects/Z-Mail
    builtin-copy -exclude .DS_Store -exclude CVS -exclude .svn -exclude .git -exclude .hg -resolve-src-symlinks /Users/scammy/Library/Developer/Xcode/DerivedData/EmailClient-duxgfwdgjizotabpagrmkpirjgow/Build/Products/Debug-iphonesimulator/GTMAppAuth_GTMAppAuth.bundle /Users/scammy/Library/Developer/Xcode/DerivedData/EmailClient-duxgfwdgjizotabpagrmkpirjgow/Build/Products/Debug-iphonesimulator/EmailClient.app

Copy /Users/scammy/Library/Developer/Xcode/DerivedData/EmailClient-duxgfwdgjizotabpagrmkpirjgow/Build/Products/Debug-iphonesimulator/EmailClient.app/AppAuth_AppAuth.bundle /Users/scammy/Library/Developer/Xcode/DerivedData/EmailClient-duxgfwdgjizotabpagrmkpirjgow/Build/Products/Debug-iphonesimulator/AppAuth_AppAuth.bundle (in target 'EmailClient' from project 'EmailClient')
    cd /Users/scammy/Documents/Projects/Z-Mail
    builtin-copy -exclude .DS_Store -exclude CVS -exclude .svn -exclude .git -exclude .hg -resolve-src-symlinks /Users/scammy/Library/Developer/Xcode/DerivedData/EmailClient-duxgfwdgjizotabpagrmkpirjgow/Build/Products/Debug-iphonesimulator/AppAuth_AppAuth.bundle /Users/scammy/Library/Developer/Xcode/DerivedData/EmailClient-duxgfwdgjizotabpagrmkpirjgow/Build/Products/Debug-iphonesimulator/EmailClient.app

Copy /Users/scammy/Library/Developer/Xcode/DerivedData/EmailClient-duxgfwdgjizotabpagrmkpirjgow/Build/Products/Debug-iphonesimulator/EmailClient.app/AppAuth_AppAuthCore.bundle /Users/scammy/Library/Developer/Xcode/DerivedData/EmailClient-duxgfwdgjizotabpagrmkpirjgow/Build/Products/Debug-iphonesimulator/AppAuth_AppAuthCore.bundle (in target 'EmailClient' from project 'EmailClient')
    cd /Users/scammy/Documents/Projects/Z-Mail
    builtin-copy -exclude .DS_Store -exclude CVS -exclude .svn -exclude .git -exclude .hg -resolve-src-symlinks /Users/scammy/Library/Developer/Xcode/DerivedData/EmailClient-duxgfwdgjizotabpagrmkpirjgow/Build/Products/Debug-iphonesimulator/AppAuth_AppAuthCore.bundle /Users/scammy/Library/Developer/Xcode/DerivedData/EmailClient-duxgfwdgjizotabpagrmkpirjgow/Build/Products/Debug-iphonesimulator/EmailClient.app

Copy /Users/scammy/Library/Developer/Xcode/DerivedData/EmailClient-duxgfwdgjizotabpagrmkpirjgow/Build/Products/Debug-iphonesimulator/EmailClient.app/GoogleSignIn_GoogleSignIn.bundle /Users/scammy/Library/Developer/Xcode/DerivedData/EmailClient-duxgfwdgjizotabpagrmkpirjgow/Build/Products/Debug-iphonesimulator/GoogleSignIn_GoogleSignIn.bundle (in target 'EmailClient' from project 'EmailClient')
    cd /Users/scammy/Documents/Projects/Z-Mail
    builtin-copy -exclude .DS_Store -exclude CVS -exclude .svn -exclude .git -exclude .hg -resolve-src-symlinks /Users/scammy/Library/Developer/Xcode/DerivedData/EmailClient-duxgfwdgjizotabpagrmkpirjgow/Build/Products/Debug-iphonesimulator/GoogleSignIn_GoogleSignIn.bundle /Users/scammy/Library/Developer/Xcode/DerivedData/EmailClient-duxgfwdgjizotabpagrmkpirjgow/Build/Products/Debug-iphonesimulator/EmailClient.app

Copy /Users/scammy/Library/Developer/Xcode/DerivedData/EmailClient-duxgfwdgjizotabpagrmkpirjgow/Build/Products/Debug-iphonesimulator/EmailClient.app/GoogleUtilities_GoogleUtilities-Environment.bundle /Users/scammy/Library/Developer/Xcode/DerivedData/EmailClient-duxgfwdgjizotabpagrmkpirjgow/Build/Products/Debug-iphonesimulator/GoogleUtilities_GoogleUtilities-Environment.bundle (in target 'EmailClient' from project 'EmailClient')
    cd /Users/scammy/Documents/Projects/Z-Mail
    builtin-copy -exclude .DS_Store -exclude CVS -exclude .svn -exclude .git -exclude .hg -resolve-src-symlinks /Users/scammy/Library/Developer/Xcode/DerivedData/EmailClient-duxgfwdgjizotabpagrmkpirjgow/Build/Products/Debug-iphonesimulator/GoogleUtilities_GoogleUtilities-Environment.bundle /Users/scammy/Library/Developer/Xcode/DerivedData/EmailClient-duxgfwdgjizotabpagrmkpirjgow/Build/Products/Debug-iphonesimulator/EmailClient.app

SwiftDriver EmailClient normal arm64 com.apple.xcode.tools.swift.compiler (in target 'EmailClient' from project 'EmailClient')
    cd /Users/scammy/Documents/Projects/Z-Mail
    builtin-SwiftDriver -- /Applications/Xcode.app/Contents/Developer/Toolchains/XcodeDefault.xctoolchain/usr/bin/swiftc -module-name EmailClient -Onone -enforce-exclusivity\=checked @/Users/scammy/Library/Developer/Xcode/DerivedData/EmailClient-duxgfwdgjizotabpagrmkpirjgow/Build/Intermediates.noindex/EmailClient.build/Debug-iphonesimulator/EmailClient.build/Objects-normal/arm64/EmailClient.SwiftFileList -DDEBUG -Xcc -fmodule-map-file\=/Users/scammy/Library/Developer/Xcode/DerivedData/EmailClient-duxgfwdgjizotabpagrmkpirjgow/Build/Intermediates.noindex/GeneratedModuleMaps-iphonesimulator/AppAuth.modulemap -Xcc -fmodule-map-file\=/Users/scammy/Library/Developer/Xcode/DerivedData/EmailClient-duxgfwdgjizotabpagrmkpirjgow/Build/Intermediates.noindex/GeneratedModuleMaps-iphonesimulator/AppAuthCore.modulemap -Xcc -fmodule-map-file\=/Users/scammy/Library/Developer/Xcode/DerivedData/EmailClient-duxgfwdgjizotabpagrmkpirjgow/Build/Intermediates.noindex/GeneratedModuleMaps-iphonesimulator/GoogleUtilities-Logger.modulemap -Xcc -fmodule-map-file\=/Users/scammy/Library/Developer/Xcode/DerivedData/EmailClient-duxgfwdgjizotabpagrmkpirjgow/Build/Intermediates.noindex/GeneratedModuleMaps-iphonesimulator/GoogleUtilities-Environment.modulemap -Xcc -fmodule-map-file\=/Users/scammy/Library/Developer/Xcode/DerivedData/EmailClient-duxgfwdgjizotabpagrmkpirjgow/Build/Intermediates.noindex/GeneratedModuleMaps-iphonesimulator/third-party-IsAppEncrypted.modulemap -Xcc -fmodule-map-file\=/Users/scammy/Library/Developer/Xcode/DerivedData/EmailClient-duxgfwdgjizotabpagrmkpirjgow/Build/Intermediates.noindex/GeneratedModuleMaps-iphonesimulator/GoogleUtilities-UserDefaults.modulemap -Xcc -fmodule-map-file\=/Users/scammy/Library/Developer/Xcode/DerivedData/EmailClient-duxgfwdgjizotabpagrmkpirjgow/Build/Intermediates.noindex/GeneratedModuleMaps-iphonesimulator/AppCheckCore.modulemap -Xcc -fmodule-map-file\=/Users/scammy/Library/Developer/Xcode/DerivedData/EmailClient-duxgfwdgjizotabpagrmkpirjgow/Build/Intermediates.noindex/GeneratedModuleMaps-iphonesimulator/GTMSessionFetcherCore.modulemap -Xcc -fmodule-map-file\=/Users/scammy/Library/Developer/Xcode/DerivedData/EmailClient-duxgfwdgjizotabpagrmkpirjgow/Build/Intermediates.noindex/GeneratedModuleMaps-iphonesimulator/GoogleSignIn.modulemap -enable-bare-slash-regex -enable-experimental-feature DebugDescriptionMacro -sdk /Applications/Xcode.app/Contents/Developer/Platforms/iPhoneSimulator.platform/Developer/SDKs/iPhoneSimulator18.5.sdk -target arm64-apple-ios17.5-simulator -g -module-cache-path /Users/scammy/Library/Developer/Xcode/DerivedData/ModuleCache.noindex -Xfrontend -serialize-debugging-options -enable-testing -index-store-path /Users/scammy/Library/Developer/Xcode/DerivedData/EmailClient-duxgfwdgjizotabpagrmkpirjgow/Index.noindex/DataStore -swift-version 5 -I /Users/scammy/Library/Developer/Xcode/DerivedData/EmailClient-duxgfwdgjizotabpagrmkpirjgow/Build/Products/Debug-iphonesimulator -F /Users/scammy/Library/Developer/Xcode/DerivedData/EmailClient-duxgfwdgjizotabpagrmkpirjgow/Build/Products/Debug-iphonesimulator/PackageFrameworks -F /Users/scammy/Library/Developer/Xcode/DerivedData/EmailClient-duxgfwdgjizotabpagrmkpirjgow/Build/Products/Debug-iphonesimulator/PackageFrameworks -F /Users/scammy/Library/Developer/Xcode/DerivedData/EmailClient-duxgfwdgjizotabpagrmkpirjgow/Build/Products/Debug-iphonesimulator/PackageFrameworks -F /Users/scammy/Library/Developer/Xcode/DerivedData/EmailClient-duxgfwdgjizotabpagrmkpirjgow/Build/Products/Debug-iphonesimulator/PackageFrameworks -F /Users/scammy/Library/Developer/Xcode/DerivedData/EmailClient-duxgfwdgjizotabpagrmkpirjgow/Build/Products/Debug-iphonesimulator/PackageFrameworks -F /Users/scammy/Library/Developer/Xcode/DerivedData/EmailClient-duxgfwdgjizotabpagrmkpirjgow/Build/Products/Debug-iphonesimulator/PackageFrameworks -F /Users/scammy/Library/Developer/Xcode/DerivedData/EmailClient-duxgfwdgjizotabpagrmkpirjgow/Build/Products/Debug-iphonesimulator/PackageFrameworks -F /Users/scammy/Library/Developer/Xcode/DerivedData/EmailClient-duxgfwdgjizotabpagrmkpirjgow/Build/Products/Debug-iphonesimulator/PackageFrameworks -F /Users/scammy/Library/Developer/Xcode/DerivedData/EmailClient-duxgfwdgjizotabpagrmkpirjgow/Build/Products/Debug-iphonesimulator/PackageFrameworks -F /Users/scammy/Library/Developer/Xcode/DerivedData/EmailClient-duxgfwdgjizotabpagrmkpirjgow/Build/Products/Debug-iphonesimulator/PackageFrameworks -F /Users/scammy/Library/Developer/Xcode/DerivedData/EmailClient-duxgfwdgjizotabpagrmkpirjgow/Build/Products/Debug-iphonesimulator/PackageFrameworks -F /Users/scammy/Library/Developer/Xcode/DerivedData/EmailClient-duxgfwdgjizotabpagrmkpirjgow/Build/Products/Debug-iphonesimulator/PackageFrameworks -F /Users/scammy/Library/Developer/Xcode/DerivedData/EmailClient-duxgfwdgjizotabpagrmkpirjgow/Build/Products/Debug-iphonesimulator -emit-localized-strings -emit-localized-strings-path /Users/scammy/Library/Developer/Xcode/DerivedData/EmailClient-duxgfwdgjizotabpagrmkpirjgow/Build/Intermediates.noindex/EmailClient.build/Debug-iphonesimulator/EmailClient.build/Objects-normal/arm64 -c -j8 -enable-batch-mode -incremental -Xcc -ivfsstatcache -Xcc /Users/scammy/Library/Developer/Xcode/DerivedData/SDKStatCaches.noindex/iphonesimulator18.5-22F76-d5fc8ad4295d2ef488fb7d0f804ce0c4.sdkstatcache -output-file-map /Users/scammy/Library/Developer/Xcode/DerivedData/EmailClient-duxgfwdgjizotabpagrmkpirjgow/Build/Intermediates.noindex/EmailClient.build/Debug-iphonesimulator/EmailClient.build/Objects-normal/arm64/EmailClient-OutputFileMap.json -use-frontend-parseable-output -save-temps -no-color-diagnostics -serialize-diagnostics -emit-dependencies -emit-module -emit-module-path /Users/scammy/Library/Developer/Xcode/DerivedData/EmailClient-duxgfwdgjizotabpagrmkpirjgow/Build/Intermediates.noindex/EmailClient.build/Debug-iphonesimulator/EmailClient.build/Objects-normal/arm64/EmailClient.swiftmodule -validate-clang-modules-once -clang-build-session-file /Users/scammy/Library/Developer/Xcode/DerivedData/ModuleCache.noindex/Session.modulevalidation -Xcc -I/Users/scammy/Library/Developer/Xcode/DerivedData/EmailClient-duxgfwdgjizotabpagrmkpirjgow/Build/Intermediates.noindex/EmailClient.build/Debug-iphonesimulator/EmailClient.build/swift-overrides.hmap -emit-const-values -Xfrontend -const-gather-protocols-file -Xfrontend /Users/scammy/Library/Developer/Xcode/DerivedData/EmailClient-duxgfwdgjizotabpagrmkpirjgow/Build/Intermediates.noindex/EmailClient.build/Debug-iphonesimulator/EmailClient.build/Objects-normal/arm64/EmailClient_const_extract_protocols.json -Xcc -iquote -Xcc /Users/scammy/Library/Developer/Xcode/DerivedData/EmailClient-duxgfwdgjizotabpagrmkpirjgow/Build/Intermediates.noindex/EmailClient.build/Debug-iphonesimulator/EmailClient.build/EmailClient-generated-files.hmap -Xcc -I/Users/scammy/Library/Developer/Xcode/DerivedData/EmailClient-duxgfwdgjizotabpagrmkpirjgow/Build/Intermediates.noindex/EmailClient.build/Debug-iphonesimulator/EmailClient.build/EmailClient-own-target-headers.hmap -Xcc -I/Users/scammy/Library/Developer/Xcode/DerivedData/EmailClient-duxgfwdgjizotabpagrmkpirjgow/Build/Intermediates.noindex/EmailClient.build/Debug-iphonesimulator/EmailClient.build/EmailClient-all-non-framework-target-headers.hmap -Xcc -ivfsoverlay -Xcc /Users/scammy/Library/Developer/Xcode/DerivedData/EmailClient-duxgfwdgjizotabpagrmkpirjgow/Build/Intermediates.noindex/EmailClient.build/Debug-iphonesimulator/EmailClient-9cf4ec5a29cf2927e18d0a68616c8543-VFS-iphonesimulator/all-product-headers.yaml -Xcc -iquote -Xcc /Users/scammy/Library/Developer/Xcode/DerivedData/EmailClient-duxgfwdgjizotabpagrmkpirjgow/Build/Intermediates.noindex/EmailClient.build/Debug-iphonesimulator/EmailClient.build/EmailClient-project-headers.hmap -Xcc -I/Users/scammy/Library/Developer/Xcode/DerivedData/EmailClient-duxgfwdgjizotabpagrmkpirjgow/SourcePackages/checkouts/AppAuth-iOS/Sources/AppAuth -Xcc -I/Users/scammy/Library/Developer/Xcode/DerivedData/EmailClient-duxgfwdgjizotabpagrmkpirjgow/SourcePackages/checkouts/AppAuth-iOS/Sources/AppAuthCore -Xcc -I/Users/scammy/Library/Developer/Xcode/DerivedData/EmailClient-duxgfwdgjizotabpagrmkpirjgow/SourcePackages/checkouts/promises/Sources/FBLPromises/include -Xcc -I/Users/scammy/Library/Developer/Xcode/DerivedData/EmailClient-duxgfwdgjizotabpagrmkpirjgow/SourcePackages/checkouts/GoogleUtilities/GoogleUtilities/Logger/Public -Xcc -I/Users/scammy/Library/Developer/Xcode/DerivedData/EmailClient-duxgfwdgjizotabpagrmkpirjgow/SourcePackages/checkouts/GoogleUtilities/GoogleUtilities/Environment/Public -Xcc -I/Users/scammy/Library/Developer/Xcode/DerivedData/EmailClient-duxgfwdgjizotabpagrmkpirjgow/SourcePackages/checkouts/GoogleUtilities/third_party/IsAppEncrypted/Public -Xcc -I/Users/scammy/Library/Developer/Xcode/DerivedData/EmailClient-duxgfwdgjizotabpagrmkpirjgow/SourcePackages/checkouts/GoogleUtilities/GoogleUtilities/UserDefaults/Public -Xcc -I/Users/scammy/Library/Developer/Xcode/DerivedData/EmailClient-duxgfwdgjizotabpagrmkpirjgow/SourcePackages/checkouts/app-check/AppCheckCore/Sources/Public -Xcc -I/Users/scammy/Library/Developer/Xcode/DerivedData/EmailClient-duxgfwdgjizotabpagrmkpirjgow/SourcePackages/checkouts/gtm-session-fetcher/Sources/Core/Public -Xcc -I/Users/scammy/Library/Developer/Xcode/DerivedData/EmailClient-duxgfwdgjizotabpagrmkpirjgow/SourcePackages/checkouts/GoogleSignIn-iOS/GoogleSignIn/Sources/Public -Xcc -I/Users/scammy/Library/Developer/Xcode/DerivedData/EmailClient-duxgfwdgjizotabpagrmkpirjgow/Build/Products/Debug-iphonesimulator/include -Xcc -I/Users/scammy/Library/Developer/Xcode/DerivedData/EmailClient-duxgfwdgjizotabpagrmkpirjgow/Build/Intermediates.noindex/EmailClient.build/Debug-iphonesimulator/EmailClient.build/DerivedSources-normal/arm64 -Xcc -I/Users/scammy/Library/Developer/Xcode/DerivedData/EmailClient-duxgfwdgjizotabpagrmkpirjgow/Build/Intermediates.noindex/EmailClient.build/Debug-iphonesimulator/EmailClient.build/DerivedSources/arm64 -Xcc -I/Users/scammy/Library/Developer/Xcode/DerivedData/EmailClient-duxgfwdgjizotabpagrmkpirjgow/Build/Intermediates.noindex/EmailClient.build/Debug-iphonesimulator/EmailClient.build/DerivedSources -Xcc -DDEBUG\=1 -emit-objc-header -emit-objc-header-path /Users/scammy/Library/Developer/Xcode/DerivedData/EmailClient-duxgfwdgjizotabpagrmkpirjgow/Build/Intermediates.noindex/EmailClient.build/Debug-iphonesimulator/EmailClient.build/Objects-normal/arm64/EmailClient-Swift.h -working-directory /Users/scammy/Documents/Projects/Z-Mail -experimental-emit-module-separately -disable-cmo

Copy /Users/scammy/Library/Developer/Xcode/DerivedData/EmailClient-duxgfwdgjizotabpagrmkpirjgow/Build/Products/Debug-iphonesimulator/EmailClient.app/Promises_FBLPromises.bundle /Users/scammy/Library/Developer/Xcode/DerivedData/EmailClient-duxgfwdgjizotabpagrmkpirjgow/Build/Products/Debug-iphonesimulator/Promises_FBLPromises.bundle (in target 'EmailClient' from project 'EmailClient')
    cd /Users/scammy/Documents/Projects/Z-Mail
    builtin-copy -exclude .DS_Store -exclude CVS -exclude .svn -exclude .git -exclude .hg -resolve-src-symlinks /Users/scammy/Library/Developer/Xcode/DerivedData/EmailClient-duxgfwdgjizotabpagrmkpirjgow/Build/Products/Debug-iphonesimulator/Promises_FBLPromises.bundle /Users/scammy/Library/Developer/Xcode/DerivedData/EmailClient-duxgfwdgjizotabpagrmkpirjgow/Build/Products/Debug-iphonesimulator/EmailClient.app

Copy /Users/scammy/Library/Developer/Xcode/DerivedData/EmailClient-duxgfwdgjizotabpagrmkpirjgow/Build/Products/Debug-iphonesimulator/EmailClient.app/GoogleUtilities_GoogleUtilities-UserDefaults.bundle /Users/scammy/Library/Developer/Xcode/DerivedData/EmailClient-duxgfwdgjizotabpagrmkpirjgow/Build/Products/Debug-iphonesimulator/GoogleUtilities_GoogleUtilities-UserDefaults.bundle (in target 'EmailClient' from project 'EmailClient')
    cd /Users/scammy/Documents/Projects/Z-Mail
    builtin-copy -exclude .DS_Store -exclude CVS -exclude .svn -exclude .git -exclude .hg -resolve-src-symlinks /Users/scammy/Library/Developer/Xcode/DerivedData/EmailClient-duxgfwdgjizotabpagrmkpirjgow/Build/Products/Debug-iphonesimulator/GoogleUtilities_GoogleUtilities-UserDefaults.bundle /Users/scammy/Library/Developer/Xcode/DerivedData/EmailClient-duxgfwdgjizotabpagrmkpirjgow/Build/Products/Debug-iphonesimulator/EmailClient.app

Copy /Users/scammy/Library/Developer/Xcode/DerivedData/EmailClient-duxgfwdgjizotabpagrmkpirjgow/Build/Products/Debug-iphonesimulator/EmailClient.app/GoogleUtilities_GoogleUtilities-Logger.bundle /Users/scammy/Library/Developer/Xcode/DerivedData/EmailClient-duxgfwdgjizotabpagrmkpirjgow/Build/Products/Debug-iphonesimulator/GoogleUtilities_GoogleUtilities-Logger.bundle (in target 'EmailClient' from project 'EmailClient')
    cd /Users/scammy/Documents/Projects/Z-Mail
    builtin-copy -exclude .DS_Store -exclude CVS -exclude .svn -exclude .git -exclude .hg -resolve-src-symlinks /Users/scammy/Library/Developer/Xcode/DerivedData/EmailClient-duxgfwdgjizotabpagrmkpirjgow/Build/Products/Debug-iphonesimulator/GoogleUtilities_GoogleUtilities-Logger.bundle /Users/scammy/Library/Developer/Xcode/DerivedData/EmailClient-duxgfwdgjizotabpagrmkpirjgow/Build/Products/Debug-iphonesimulator/EmailClient.app

Copy /Users/scammy/Library/Developer/Xcode/DerivedData/EmailClient-duxgfwdgjizotabpagrmkpirjgow/Build/Products/Debug-iphonesimulator/EmailClient.app/GoogleSignIn_GoogleSignInSwift.bundle /Users/scammy/Library/Developer/Xcode/DerivedData/EmailClient-duxgfwdgjizotabpagrmkpirjgow/Build/Products/Debug-iphonesimulator/GoogleSignIn_GoogleSignInSwift.bundle (in target 'EmailClient' from project 'EmailClient')
    cd /Users/scammy/Documents/Projects/Z-Mail
    builtin-copy -exclude .DS_Store -exclude CVS -exclude .svn -exclude .git -exclude .hg -resolve-src-symlinks /Users/scammy/Library/Developer/Xcode/DerivedData/EmailClient-duxgfwdgjizotabpagrmkpirjgow/Build/Products/Debug-iphonesimulator/GoogleSignIn_GoogleSignInSwift.bundle /Users/scammy/Library/Developer/Xcode/DerivedData/EmailClient-duxgfwdgjizotabpagrmkpirjgow/Build/Products/Debug-iphonesimulator/EmailClient.app

Copy /Users/scammy/Library/Developer/Xcode/DerivedData/EmailClient-duxgfwdgjizotabpagrmkpirjgow/Build/Products/Debug-iphonesimulator/EmailClient.app/GTMSessionFetcher_GTMSessionFetcherCore.bundle /Users/scammy/Library/Developer/Xcode/DerivedData/EmailClient-duxgfwdgjizotabpagrmkpirjgow/Build/Products/Debug-iphonesimulator/GTMSessionFetcher_GTMSessionFetcherCore.bundle (in target 'EmailClient' from project 'EmailClient')
    cd /Users/scammy/Documents/Projects/Z-Mail
    builtin-copy -exclude .DS_Store -exclude CVS -exclude .svn -exclude .git -exclude .hg -resolve-src-symlinks /Users/scammy/Library/Developer/Xcode/DerivedData/EmailClient-duxgfwdgjizotabpagrmkpirjgow/Build/Products/Debug-iphonesimulator/GTMSessionFetcher_GTMSessionFetcherCore.bundle /Users/scammy/Library/Developer/Xcode/DerivedData/EmailClient-duxgfwdgjizotabpagrmkpirjgow/Build/Products/Debug-iphonesimulator/EmailClient.app

ProcessInfoPlistFile /Users/scammy/Library/Developer/Xcode/DerivedData/EmailClient-duxgfwdgjizotabpagrmkpirjgow/Build/Products/Debug-iphonesimulator/EmailClient.app/Info.plist /Users/scammy/Documents/Projects/Z-Mail/EmailClient/Info.plist (in target 'EmailClient' from project 'EmailClient')
    cd /Users/scammy/Documents/Projects/Z-Mail
    builtin-infoPlistUtility /Users/scammy/Documents/Projects/Z-Mail/EmailClient/Info.plist -producttype com.apple.product-type.application -genpkginfo /Users/scammy/Library/Developer/Xcode/DerivedData/EmailClient-duxgfwdgjizotabpagrmkpirjgow/Build/Products/Debug-iphonesimulator/EmailClient.app/PkgInfo -expandbuildsettings -format binary -platform iphonesimulator -additionalcontentfile /Users/scammy/Library/Developer/Xcode/DerivedData/EmailClient-duxgfwdgjizotabpagrmkpirjgow/Build/Intermediates.noindex/EmailClient.build/Debug-iphonesimulator/EmailClient.build/assetcatalog_generated_info.plist -scanforprivacyfile /Users/scammy/Library/Developer/Xcode/DerivedData/EmailClient-duxgfwdgjizotabpagrmkpirjgow/Build/Products/Debug-iphonesimulator/EmailClient.app/AppAuth_AppAuth.bundle -scanforprivacyfile /Users/scammy/Library/Developer/Xcode/DerivedData/EmailClient-duxgfwdgjizotabpagrmkpirjgow/Build/Products/Debug-iphonesimulator/EmailClient.app/AppAuth_AppAuthCore.bundle -scanforprivacyfile /Users/scammy/Library/Developer/Xcode/DerivedData/EmailClient-duxgfwdgjizotabpagrmkpirjgow/Build/Products/Debug-iphonesimulator/EmailClient.app/GTMAppAuth_GTMAppAuth.bundle -scanforprivacyfile /Users/scammy/Library/Developer/Xcode/DerivedData/EmailClient-duxgfwdgjizotabpagrmkpirjgow/Build/Products/Debug-iphonesimulator/EmailClient.app/GTMSessionFetcher_GTMSessionFetcherCore.bundle -scanforprivacyfile /Users/scammy/Library/Developer/Xcode/DerivedData/EmailClient-duxgfwdgjizotabpagrmkpirjgow/Build/Products/Debug-iphonesimulator/EmailClient.app/GoogleSignIn_GoogleSignIn.bundle -scanforprivacyfile /Users/scammy/Library/Developer/Xcode/DerivedData/EmailClient-duxgfwdgjizotabpagrmkpirjgow/Build/Products/Debug-iphonesimulator/EmailClient.app/GoogleSignIn_GoogleSignInSwift.bundle -scanforprivacyfile /Users/scammy/Library/Developer/Xcode/DerivedData/EmailClient-duxgfwdgjizotabpagrmkpirjgow/Build/Products/Debug-iphonesimulator/EmailClient.app/GoogleUtilities_GoogleUtilities-Environment.bundle -scanforprivacyfile /Users/scammy/Library/Developer/Xcode/DerivedData/EmailClient-duxgfwdgjizotabpagrmkpirjgow/Build/Products/Debug-iphonesimulator/EmailClient.app/GoogleUtilities_GoogleUtilities-Logger.bundle -scanforprivacyfile /Users/scammy/Library/Developer/Xcode/DerivedData/EmailClient-duxgfwdgjizotabpagrmkpirjgow/Build/Products/Debug-iphonesimulator/EmailClient.app/GoogleUtilities_GoogleUtilities-UserDefaults.bundle -scanforprivacyfile /Users/scammy/Library/Developer/Xcode/DerivedData/EmailClient-duxgfwdgjizotabpagrmkpirjgow/Build/Products/Debug-iphonesimulator/EmailClient.app/Promises_FBLPromises.bundle -o /Users/scammy/Library/Developer/Xcode/DerivedData/EmailClient-duxgfwdgjizotabpagrmkpirjgow/Build/Products/Debug-iphonesimulator/EmailClient.app/Info.plist

SwiftCompile normal arm64 Compiling\ GmailAPIServiceProtocol.swift /Users/scammy/Documents/Projects/Z-Mail/EmailClient/Frameworks/GmailAPIService/PublicAPI/GmailAPIServiceProtocol.swift (in target 'EmailClient' from project 'EmailClient')

SwiftCompile normal arm64 /Users/scammy/Documents/Projects/Z-Mail/EmailClient/Frameworks/GmailAPIService/PublicAPI/GmailAPIServiceProtocol.swift (in target 'EmailClient' from project 'EmailClient')
    cd /Users/scammy/Documents/Projects/Z-Mail
    

SwiftCompile normal arm64 Compiling\ GmailDataModels.swift /Users/scammy/Documents/Projects/Z-Mail/EmailClient/Frameworks/GmailAPIService/PublicAPI/GmailDataModels.swift (in target 'EmailClient' from project 'EmailClient')

SwiftCompile normal arm64 /Users/scammy/Documents/Projects/Z-Mail/EmailClient/Frameworks/GmailAPIService/PublicAPI/GmailDataModels.swift (in target 'EmailClient' from project 'EmailClient')
    cd /Users/scammy/Documents/Projects/Z-Mail
    

SwiftCompile normal arm64 Compiling\ FilterView.swift,\ Email.swift /Users/scammy/Documents/Projects/Z-Mail/EmailClient/Views/FilterView.swift /Users/scammy/Documents/Projects/Z-Mail/EmailClient/Models/Email.swift (in target 'EmailClient' from project 'EmailClient')
SwiftCompile normal arm64 /Users/scammy/Documents/Projects/Z-Mail/EmailClient/Views/FilterView.swift (in target 'EmailClient' from project 'EmailClient')
    cd /Users/scammy/Documents/Projects/Z-Mail
    
/Users/scammy/Documents/Projects/Z-Mail/EmailClient/Views/FilterView.swift:4:23: warning: use of protocol 'EmailServiceProtocol' as a type must be written 'any EmailServiceProtocol'; this will be an error in a future Swift language mode
    let emailService: EmailServiceProtocol
                      ^~~~~~~~~~~~~~~~~~~~
                      any EmailServiceProtocol
/Users/scammy/Documents/Projects/Z-Mail/EmailClient/Views/FilterView.swift:5:25: warning: use of protocol 'AccountManagerProtocol' as a type must be written 'any AccountManagerProtocol'; this will be an error in a future Swift language mode
    let accountManager: AccountManagerProtocol
                        ^~~~~~~~~~~~~~~~~~~~~~
                        any AccountManagerProtocol

SwiftCompile normal arm64 /Users/scammy/Documents/Projects/Z-Mail/EmailClient/Models/Email.swift (in target 'EmailClient' from project 'EmailClient')
    cd /Users/scammy/Documents/Projects/Z-Mail
    

SwiftCompile normal arm64 Compiling\ SummaryView.swift /Users/scammy/Documents/Projects/Z-Mail/EmailClient/Views/SummaryView.swift (in target 'EmailClient' from project 'EmailClient')
SwiftCompile normal arm64 /Users/scammy/Documents/Projects/Z-Mail/EmailClient/Views/SummaryView.swift (in target 'EmailClient' from project 'EmailClient')
    cd /Users/scammy/Documents/Projects/Z-Mail
    
/Users/scammy/Documents/Projects/Z-Mail/EmailClient/Views/SummaryView.swift:5:23: warning: use of protocol 'EmailServiceProtocol' as a type must be written 'any EmailServiceProtocol'; this will be an error in a future Swift language mode
    let emailService: EmailServiceProtocol
                      ^~~~~~~~~~~~~~~~~~~~
                      any EmailServiceProtocol
/Users/scammy/Documents/Projects/Z-Mail/EmailClient/Views/SummaryView.swift:50:10: warning: 'onChange(of:perform:)' was deprecated in iOS 17.0: Use `onChange` with a two or zero parameter action closure instead.
        .onChange(of: selectedDate) { _ in
         ^
/Users/scammy/Documents/Projects/Z-Mail/EmailClient/Views/SummaryView.swift:110:15: warning: 'catch' block is unreachable because no errors are thrown in 'do' block
            } catch {
              ^
/Users/scammy/Documents/Projects/Z-Mail/EmailClient/Views/SummaryView.swift:153:15: warning: 'catch' block is unreachable because no errors are thrown in 'do' block
            } catch {
              ^
/Users/scammy/Documents/Projects/Z-Mail/EmailClient/Views/SummaryView.swift:234:13: warning: initialization of immutable value 'dayName' was never used; consider replacing with assignment to '_' or removing it
        let dayName = isToday ? "today" : DateFormatter.localizedString(from: date, dateStyle: .medium, timeStyle: .none)
        ~~~~^~~~~~~
        _

SwiftCompile normal arm64 Compiling\ SettingsView.swift /Users/scammy/Documents/Projects/Z-Mail/EmailClient/Views/SettingsView.swift (in target 'EmailClient' from project 'EmailClient')
SwiftCompile normal arm64 /Users/scammy/Documents/Projects/Z-Mail/EmailClient/Views/SettingsView.swift (in target 'EmailClient' from project 'EmailClient')
    cd /Users/scammy/Documents/Projects/Z-Mail
    
** BUILD INTERRUPTED **
